mode: set
github.com/golang-web/internal/forms/errors.go:5.44,7.2 1 1
github.com/golang-web/internal/forms/errors.go:10.42,12.18 2 1
github.com/golang-web/internal/forms/errors.go:12.18,14.3 1 1
github.com/golang-web/internal/forms/errors.go:15.2,15.14 1 1
github.com/golang-web/internal/forms/form.go:19.29,21.2 1 1
github.com/golang-web/internal/forms/form.go:24.33,29.2 1 1
github.com/golang-web/internal/forms/form.go:32.39,34.13 2 1
github.com/golang-web/internal/forms/form.go:34.13,36.3 1 1
github.com/golang-web/internal/forms/form.go:37.2,37.13 1 1
github.com/golang-web/internal/forms/form.go:41.42,42.30 1 1
github.com/golang-web/internal/forms/form.go:42.30,44.37 2 1
github.com/golang-web/internal/forms/form.go:44.37,46.4 1 1
github.com/golang-web/internal/forms/form.go:51.55,53.23 2 1
github.com/golang-web/internal/forms/form.go:53.23,56.3 2 1
github.com/golang-web/internal/forms/form.go:57.2,57.13 1 1
github.com/golang-web/internal/forms/form.go:61.38,62.40 1 1
github.com/golang-web/internal/forms/form.go:62.40,64.3 1 1
github.com/golang-web/internal/forms/form.go:67.43,70.16 3 1
github.com/golang-web/internal/forms/form.go:70.16,73.3 2 0
github.com/golang-web/internal/forms/form.go:74.2,74.12 1 1
github.com/golang-web/internal/forms/form.go:74.12,77.3 2 1
github.com/golang-web/internal/forms/form.go:78.2,78.14 1 1
