mode: set
github.com/golang-web/internal/handlers/handlers.go:24.53,28.2 1 1
github.com/golang-web/internal/handlers/handlers.go:31.33,33.2 1 1
github.com/golang-web/internal/handlers/handlers.go:36.67,40.2 3 1
github.com/golang-web/internal/handlers/handlers.go:43.68,50.2 4 1
github.com/golang-web/internal/handlers/handlers.go:52.71,54.2 1 1
github.com/golang-web/internal/handlers/handlers.go:56.69,58.2 1 1
github.com/golang-web/internal/handlers/handlers.go:60.74,68.2 4 1
github.com/golang-web/internal/handlers/handlers.go:71.78,73.16 2 1
github.com/golang-web/internal/handlers/handlers.go:73.16,76.3 2 0
github.com/golang-web/internal/handlers/handlers.go:78.2,93.19 7 1
github.com/golang-web/internal/handlers/handlers.go:93.19,101.3 4 1
github.com/golang-web/internal/handlers/handlers.go:102.2,103.66 2 0
github.com/golang-web/internal/handlers/handlers.go:106.70,108.2 1 1
github.com/golang-web/internal/handlers/handlers.go:111.75,113.2 1 1
github.com/golang-web/internal/handlers/handlers.go:116.79,120.2 3 1
github.com/golang-web/internal/handlers/handlers.go:128.79,135.16 3 1
github.com/golang-web/internal/handlers/handlers.go:135.16,137.3 1 0
github.com/golang-web/internal/handlers/handlers.go:139.2,141.14 3 1
github.com/golang-web/internal/handlers/handlers.go:144.81,146.9 2 0
github.com/golang-web/internal/handlers/handlers.go:146.9,151.3 4 0
github.com/golang-web/internal/handlers/handlers.go:153.2,160.4 4 0
